1556968600.711265468  Node Startup
1556968601.533629498 WARN [/tmp/binarydeb/ros-kinetic-robot-state-publisher-1.13.6/src/joint_state_listener.cpp:171(main) [topics: /rosout] The 'state_publisher' executable is deprecated. Please use 'robot_state_publisher' instead
1556968606.306152105 INFO [joint_state_publisher:418(center) [topics: /rosout] Centering
1556968606.735148832 INFO [/tmp/binarydeb/ros-kinetic-rviz-1.12.16/src/rviz/ogre_helpers/render_system.cpp:430(RenderWindow* rviz::RenderSystem::makeRenderWindow) [topics: /rosout] Stereo is NOT SUPPORTED
1556968606.735466772 INFO [/tmp/binarydeb/ros-kinetic-rviz-1.12.16/src/rviz/ogre_helpers/render_system.cpp:211(RenderSystem::detectGlVersion) [topics: /rosout] OpenGl version: 2.1 (GLSL 1.2).
1556968612.735466772 ERROR Node Crash
1556968600.711265468  Node Startup
1556968601.533629498 WARN [/tmp/binarydeb/ros-kinetic-robot-state-publisher-1.13.6/src/joint_state_listener.cpp:171(main) [topics: /rosout] The 'state_publisher' executable is deprecated. Please use 'robot_state_publisher' instead
1556968606.306152105 INFO [joint_state_publisher:418(center) [topics: /rosout] Centering
1556968606.735148832 INFO [/tmp/binarydeb/ros-kinetic-rviz-1.12.16/src/rviz/ogre_helpers/render_system.cpp:430(RenderWindow* rviz::RenderSystem::makeRenderWindow) [topics: /rosout] Stereo is NOT SUPPORTED
1556968606.735466772 INFO [/tmp/binarydeb/ros-kinetic-rviz-1.12.16/src/rviz/ogre_helpers/render_system.cpp:211(RenderSystem::detectGlVersion) [topics: /rosout] OpenGl version: 2.1 (GLSL 1.2).
1556961212.735466772 DEBUG Node on
                                       xxxx
xxxx
1556981212.735466772 DEBUG Node on
                                       xxxx
xxxx

1556969506.735466772 INFO [/tmp/binarydeb/ros-kinetic-rviz-1.12.16/src/rviz/ogre_helpers/render_system.cpp:211(RenderSystem::detectGlVersion) [topics: /rosout]  cleaninfo 0 2 0
1556969606.735466772 INFO [/tmp/binarydeb/ros-kinetic-rviz-1.12.16/src/rviz/ogre_helpers/render_system.cpp:211(RenderSystem::detectGlVersion) [topics: /rosout]  cleaninfo 1 2 3
1556969616.735466772 INFO [/tz-1.12.16/src/rvizlpers/render_system.cpp:211(RenderSystem::detectGlVersion) [topics: /rosout]  cleaninfo 0 2 0
1556969716.735466772 INFO [/tz-1.12.16/src/rvizlpers/render_system.cpp:211(RenderSystem::detectGlVersion) [topics: /rosout]  cleaninfo 0 2 10

